
**** Clean-only build of configuration Debug for project MSP430LEDout ****

"c:\\ti\\ccsv6\\utils\\bin\\gmake" -k clean 
gmake: *** No rule to make target `clean'.

**** Build Finished ****

**** Build of configuration Debug for project MSP430LEDout ****

"c:\\ti\\ccsv6\\utils\\bin\\gmake" -k all 
'Building file: ../main.c'
'Invoking: MSP430 Compiler'
"c:/ti/ccsv6/tools/compiler/msp430_4.3.1/bin/cl430" -vmspx --abi=eabi --include_path="c:/ti/ccsv6/ccs_base/msp430/include" --include_path="c:/ti/ccsv6/tools/compiler/msp430_4.3.1/include" --advice:power=all -g --define=__MSP430F5529__ --diag_warning=225 --display_error_number --diag_wrap=off --silicon_errata=CPU21 --silicon_errata=CPU22 --silicon_errata=CPU23 --silicon_errata=CPU40 --printf_support=minimal --preproc_with_compile --preproc_dependency="main.pp"  "../main.c"
"../main.c", line 28: remark #1527-D: (ULP 2.1) Detected SW delay loop using empty loop. Recommend using a timer module instead
"../main.c", line 39: remark #1538-D: (ULP 10.1) ISR USCI_A1_ISR calls function is_valid. Recommend moving function call away from ISR, or inlining the function, or using pragmas
'Finished building: ../main.c'
' '
'Building target: MSP430LEDout.out'
'Invoking: MSP430 Linker'
"c:/ti/ccsv6/tools/compiler/msp430_4.3.1/bin/cl430" -vmspx --abi=eabi --advice:power=all -g --define=__MSP430F5529__ --diag_warning=225 --display_error_number --diag_wrap=off --silicon_errata=CPU21 --silicon_errata=CPU22 --silicon_errata=CPU23 --silicon_errata=CPU40 --printf_support=minimal -z -m"MSP430LEDout.map" --heap_size=160 --stack_size=160 --use_hw_mpy=F5 --cinit_hold_wdt=on -i"c:/ti/ccsv6/ccs_base/msp430/include" -i"c:/ti/ccsv6/tools/compiler/msp430_4.3.1/lib" -i"c:/ti/ccsv6/tools/compiler/msp430_4.3.1/include" -i"c:/ti/ccsv6/ccs_base/msp430/lib/5xx_6xx_FRxx" --reread_libs --warn_sections --display_error_number --diag_wrap=off --xml_link_info="MSP430LEDout_linkInfo.xml" --rom_model -o "MSP430LEDout.out"  "./main.obj" "../lnk_msp430f5529.cmd" -l"libc.a" -l"libmath.a" 
<Linking>
remark #10372-D: (ULP 4.1) Detected uninitialized Port A in this project. Recommend initializing all unused ports to eliminate wasted current consumption on unused pins.
remark #10372-D: (ULP 4.1) Detected uninitialized Port B in this project. Recommend initializing all unused ports to eliminate wasted current consumption on unused pins.
remark #10372-D: (ULP 4.1) Detected uninitialized Port C in this project. Recommend initializing all unused ports to eliminate wasted current consumption on unused pins.
remark #10372-D: (ULP 4.1) Detected uninitialized Port D in this project. Recommend initializing all unused ports to eliminate wasted current consumption on unused pins.
'Finished building target: MSP430LEDout.out'
' '

**** Build Finished ****

**** Build of configuration Debug for project MSP430LEDout ****

"c:\\ti\\ccsv6\\utils\\bin\\gmake" -k all 
gmake: Nothing to be done for `all'.

**** Build Finished ****
